[INFO] [14:18:35] [MainThread] - СКРИПТ ЗАПУЩЕН!
[WARNING] [14:18:37] [Thread-1 (warp1)] - Зеленый не найден! Перепроверяю........
[WARNING] [14:19:09] [Thread-7 (warp1)] - Зеленый не найден! Перепроверяю........
[WARNING] [14:27:15] [Thread-8 (warp1)] - Не могу найти фиолетовый! Пролистываю.....
[WARNING] [14:28:42] [Thread-8 (warp1)] - Не могу найти фиолетовый! Пролистываю.....
[INFO] [14:30:31] [Thread-2] - Таймер по заполнению карго прошел
[WARNING] [14:30:34] [Thread-8 (warp1)] - Не могу найти фиолетовый! Пролистываю.....
[INFO] [14:30:35] [Thread-2] - Запускаем функцию варпа!
[WARNING] [14:31:13] [Thread-8 (warp1)] - Не могу найти фиолетовый! Пролистываю.....
[INFO] [14:31:45] [Thread-2] - Запускаем функцию разгрузки карго!
[WARNING] [14:31:51] [Thread-425 (warp1)] - Не могу найти фиолетовый! Пролистываю.....
[WARNING] [14:32:20] [Thread-1121 (warp1)] - Не могу найти фиолетовый! Пролистываю.....
[INFO] [14:32:27] [Thread-2] - Запускаем функцию андока!
[WARNING] [14:32:55] [Thread-1372 (warp1)] - Не могу найти фиолетовый! Пролистываю.....
[INFO] [14:33:51] [Thread-2] - Выставляем dock = 0
[INFO] [14:33:51] [Thread-2] - Запускаем поток карго по таймеру!
[WARNING] [14:34:30] [Thread-1491 (warp1)] - Не могу найти фиолетовый! Пролистываю.....
[WARNING] [14:34:37] [Thread-1491 (warp1)] - Не могу найти фиолетовый! Пролистываю.....
[WARNING] [14:38:32] [Thread-1491 (warp1)] - Не могу найти фиолетовый! Пролистываю.....
[INFO] [14:45:51] [Thread-1492] - Таймер по заполнению карго прошел
[INFO] [14:45:53] [Thread-1492] - Запускаем функцию варпа!
[WARNING] [14:46:31] [Thread-1491 (warp1)] - Не могу найти фиолетовый! Пролистываю.....
[INFO] [14:47:04] [Thread-1492] - Запускаем функцию разгрузки карго!
[WARNING] [14:47:10] [Thread-1863 (warp1)] - Не могу найти фиолетовый! Пролистываю.....
[INFO] [14:47:45] [Thread-1492] - Запускаем функцию андока!
[WARNING] [14:47:49] [Thread-2502 (warp1)] - Не могу найти фиолетовый! Пролистываю.....
[WARNING] [14:48:16] [Thread-2665 (warp1)] - Не могу найти фиолетовый! Пролистываю.....
[INFO] [14:49:12] [Thread-1492] - Выставляем dock = 0
[INFO] [14:49:12] [Thread-1492] - Запускаем поток карго по таймеру!
[INFO] [15:00:53] [Thread-2849] - Таймер по заполнению карго прошел
[INFO] [15:00:56] [Thread-2849] - Запускаем функцию варпа!
[WARNING] [15:01:33] [Thread-2848 (warp1)] - Не могу найти фиолетовый! Пролистываю.....
[INFO] [15:02:07] [Thread-2849] - Запускаем функцию разгрузки карго!
[WARNING] [15:02:12] [Thread-3197 (warp1)] - Не могу найти фиолетовый! Пролистываю.....
[INFO] [15:02:48] [Thread-2849] - Запускаем функцию андока!
[WARNING] [15:02:51] [Thread-3885 (warp1)] - Не могу найти фиолетовый! Пролистываю.....
[WARNING] [15:03:16] [Thread-4034 (warp1)] - Не могу найти фиолетовый! Пролистываю.....
[INFO] [15:04:12] [Thread-2849] - Выставляем dock = 0
[INFO] [15:04:12] [Thread-2849] - Запускаем поток карго по таймеру!
[INFO] [15:15:57] [Thread-4149] - Таймер по заполнению карго прошел
[INFO] [15:16:03] [Thread-4149] - Запускаем функцию варпа!
[WARNING] [15:16:05] [Thread-4148 (warp1)] - Не могу найти фиолетовый! Пролистываю.....
[INFO] [15:17:16] [Thread-4149] - Запускаем функцию разгрузки карго!
[WARNING] [15:17:21] [Thread-4548 (warp1)] - Не могу найти фиолетовый! Пролистываю.....
[INFO] [15:18:03] [Thread-4149] - Запускаем функцию андока!
[WARNING] [15:18:07] [Thread-5406 (warp1)] - Не могу найти фиолетовый! Пролистываю.....
[INFO] [15:19:26] [Thread-4149] - Выставляем dock = 0
[INFO] [15:19:26] [Thread-4149] - Запускаем поток карго по таймеру!
[WARNING] [15:22:03] [Thread-5753 (warp1)] - Не могу найти фиолетовый! Пролистываю.....
[WARNING] [15:27:40] [Thread-5753 (warp1)] - Не могу найти фиолетовый! Пролистываю.....
[WARNING] [15:28:53] [Thread-5753 (warp1)] - Не могу найти фиолетовый! Пролистываю.....
[INFO] [15:31:11] [Thread-5754] - Таймер по заполнению карго прошел
[INFO] [15:31:14] [Thread-5754] - Запускаем функцию варпа!
[WARNING] [15:31:50] [Thread-5753 (warp1)] - Не могу найти фиолетовый! Пролистываю.....
[INFO] [15:32:27] [Thread-5754] - Запускаем функцию разгрузки карго!
[WARNING] [15:32:31] [Thread-6182 (warp1)] - Не могу найти фиолетовый! Пролистываю.....
[INFO] [15:33:07] [Thread-5754] - Запускаем функцию андока!
[INFO] [15:34:35] [Thread-5754] - Выставляем dock = 0
[INFO] [15:34:35] [Thread-5754] - Запускаем поток карго по таймеру!
[WARNING] [15:39:44] [Thread-7443 (warp1)] - Не могу найти фиолетовый! Пролистываю.....
[INFO] [15:46:19] [Thread-7444] - Таймер по заполнению карго прошел
[INFO] [15:46:22] [Thread-7444] - Запускаем функцию варпа!
[WARNING] [15:46:40] [Thread-7443 (warp1)] - Не могу найти фиолетовый! Пролистываю.....
[INFO] [15:47:36] [Thread-7444] - Запускаем функцию разгрузки карго!
[WARNING] [15:47:36] [Thread-7942 (warp1)] - Не могу найти фиолетовый! Пролистываю.....
[INFO] [15:48:15] [Thread-7444] - Запускаем функцию андока!
[WARNING] [15:48:18] [Thread-8761 (warp1)] - Не могу найти фиолетовый! Пролистываю.....
[WARNING] [15:48:34] [Thread-8958 (warp1)] - Не могу найти фиолетовый! Пролистываю.....
[WARNING] [15:48:43] [Thread-8958 (warp1)] - Не могу найти фиолетовый! Пролистываю.....
[WARNING] [15:49:06] [Thread-9133 (warp1)] - Не могу найти фиолетовый! Пролистываю.....
[INFO] [15:49:42] [Thread-7444] - Выставляем dock = 0
[INFO] [15:49:42] [Thread-7444] - Запускаем поток карго по таймеру!
[WARNING] [15:52:15] [Thread-9133 (warp1)] - Не могу найти фиолетовый! Пролистываю.....
[WARNING] [16:00:53] [Thread-9133 (warp1)] - Не могу найти фиолетовый! Пролистываю.....
[INFO] [16:01:40] [Thread-9134] - Таймер по заполнению карго прошел
[INFO] [16:01:43] [Thread-9134] - Запускаем функцию варпа!
[WARNING] [16:02:21] [Thread-9133 (warp1)] - Не могу найти фиолетовый! Пролистываю.....
[INFO] [16:02:56] [Thread-9134] - Запускаем функцию разгрузки карго!
[WARNING] [16:03:01] [Thread-9613 (warp1)] - Не могу найти фиолетовый! Пролистываю.....
[INFO] [16:03:39] [Thread-9134] - Запускаем функцию андока!
[WARNING] [16:03:43] [Thread-10371 (warp1)] - Не могу найти фиолетовый! Пролистываю.....
[WARNING] [16:04:10] [Thread-10548 (warp1)] - Не могу найти фиолетовый! Пролистываю.....
[INFO] [16:05:04] [Thread-9134] - Выставляем dock = 0
[INFO] [16:05:04] [Thread-9134] - Запускаем поток карго по таймеру!
[WARNING] [16:08:57] [Thread-10693 (warp1)] - Не могу найти фиолетовый! Пролистываю.....
[INFO] [16:16:49] [Thread-10694] - Таймер по заполнению карго прошел
[INFO] [16:16:51] [Thread-10694] - Запускаем функцию варпа!
[WARNING] [16:17:29] [Thread-10693 (warp1)] - Не могу найти фиолетовый! Пролистываю.....
[INFO] [16:18:06] [Thread-10694] - Запускаем функцию разгрузки карго!
[INFO] [16:18:47] [Thread-10694] - Запускаем функцию андока!
[WARNING] [16:19:20] [Thread-12261 (warp1)] - Не могу найти фиолетовый! Пролистываю.....
[INFO] [16:20:12] [Thread-10694] - Выставляем dock = 0
[INFO] [16:20:12] [Thread-10694] - Запускаем поток карго по таймеру!
[WARNING] [16:30:07] [Thread-12406 (warp1)] - Не могу найти фиолетовый! Пролистываю.....
[INFO] [16:32:12] [Thread-12407] - Таймер по заполнению карго прошел
[INFO] [16:32:14] [Thread-12407] - Запускаем функцию варпа!
[WARNING] [16:32:50] [Thread-12406 (warp1)] - Не могу найти фиолетовый! Пролистываю.....
[INFO] [16:33:26] [Thread-12407] - Запускаем функцию разгрузки карго!
[INFO] [16:34:05] [Thread-12407] - Запускаем функцию андока!
[INFO] [16:35:30] [Thread-12407] - Выставляем dock = 0
[INFO] [16:35:31] [Thread-12407] - Запускаем поток карго по таймеру!
[INFO] [16:47:14] [Thread-13951] - Таймер по заполнению карго прошел
[INFO] [16:47:16] [Thread-13951] - Запускаем функцию варпа!
[WARNING] [16:47:52] [Thread-13950 (warp1)] - Не могу найти фиолетовый! Пролистываю.....
[WARNING] [16:48:15] [Thread-14233 (warp1)] - Не могу найти фиолетовый! Пролистываю.....
[INFO] [16:48:29] [Thread-13951] - Запускаем функцию разгрузки карго!
[INFO] [16:49:10] [Thread-13951] - Запускаем функцию андока!
[WARNING] [16:49:39] [Thread-15275 (warp1)] - Не могу найти фиолетовый! Пролистываю.....
[INFO] [16:50:34] [Thread-13951] - Выставляем dock = 0
[INFO] [16:50:34] [Thread-13951] - Запускаем поток карго по таймеру!
[INFO] [17:02:31] [Thread-15422] - Таймер по заполнению карго прошел
[INFO] [17:02:34] [Thread-15422] - Запускаем функцию варпа!
[INFO] [17:03:47] [Thread-15422] - Запускаем функцию разгрузки карго!
[INFO] [17:04:29] [Thread-15422] - Запускаем функцию андока!
[INFO] [17:05:56] [Thread-15422] - Выставляем dock = 0
[INFO] [17:05:56] [Thread-15422] - Запускаем поток карго по таймеру!
[WARNING] [17:06:41] [Thread-17151 (warp1)] - Не могу найти фиолетовый! Пролистываю.....
[WARNING] [17:08:19] [Thread-17151 (warp1)] - Не могу найти фиолетовый! Пролистываю.....
[WARNING] [17:17:53] [Thread-17151 (warp1)] - Не могу найти фиолетовый! Пролистываю.....
[INFO] [17:17:53] [Thread-17152] - Таймер по заполнению карго прошел
[INFO] [17:17:56] [Thread-17152] - Запускаем функцию варпа!
[WARNING] [17:18:33] [Thread-17151 (warp1)] - Не могу найти фиолетовый! Пролистываю.....
[INFO] [17:19:11] [Thread-17152] - Запускаем функцию разгрузки карго!
[WARNING] [17:19:16] [Thread-17486 (warp1)] - Не могу найти фиолетовый! Пролистываю.....
[INFO] [17:19:51] [Thread-17152] - Запускаем функцию андока!
[WARNING] [17:19:55] [Thread-18204 (warp1)] - Не могу найти фиолетовый! Пролистываю.....
[WARNING] [17:20:18] [Thread-18331 (warp1)] - Не могу найти фиолетовый! Пролистываю.....
[INFO] [17:21:13] [Thread-17152] - Выставляем dock = 0
[INFO] [17:21:13] [Thread-17152] - Запускаем поток карго по таймеру!
[WARNING] [17:23:21] [Thread-18505 (warp1)] - Не могу найти фиолетовый! Пролистываю.....
[WARNING] [17:30:42] [Thread-18505 (warp1)] - Не могу найти фиолетовый! Пролистываю.....
[WARNING] [17:32:47] [Thread-18505 (warp1)] - Не могу найти фиолетовый! Пролистываю.....
[INFO] [17:33:13] [Thread-18506] - Таймер по заполнению карго прошел
[INFO] [17:33:17] [Thread-18506] - Запускаем функцию варпа!
[WARNING] [17:33:47] [Thread-18505 (warp1)] - Не могу найти фиолетовый! Пролистываю.....
[INFO] [17:34:28] [Thread-18506] - Запускаем функцию разгрузки карго!
[WARNING] [17:34:32] [Thread-18914 (warp1)] - Не могу найти фиолетовый! Пролистываю.....
[INFO] [17:35:09] [Thread-18506] - Запускаем функцию андока!
[WARNING] [17:35:39] [Thread-19832 (warp1)] - Не могу найти фиолетовый! Пролистываю.....
[INFO] [17:36:32] [Thread-18506] - Выставляем dock = 0
[INFO] [17:36:32] [Thread-18506] - Запускаем поток карго по таймеру!
[WARNING] [17:48:20] [Thread-19988 (warp1)] - Не могу найти фиолетовый! Пролистываю.....
[INFO] [17:48:22] [Thread-19989] - Таймер по заполнению карго прошел
[INFO] [17:48:25] [Thread-19989] - Запускаем функцию варпа!
[WARNING] [17:49:02] [Thread-19988 (warp1)] - Не могу найти фиолетовый! Пролистываю.....
[INFO] [17:49:39] [Thread-19989] - Запускаем функцию разгрузки карго!
[WARNING] [17:50:11] [Thread-21215 (warp1)] - Не могу найти фиолетовый! Пролистываю.....
[INFO] [17:50:20] [Thread-19989] - Запускаем функцию андока!
[WARNING] [17:51:26] [Thread-21769 (warp1)] - Не могу найти фиолетовый! Пролистываю.....
[INFO] [17:51:45] [Thread-19989] - Выставляем dock = 0
[INFO] [17:51:45] [Thread-19989] - Запускаем поток карго по таймеру!
