[INFO] [11:03:22] [MainThread] - СКРИПТ ЗАПУЩЕН!
[WARNING] [11:03:25] [Thread-1 (warp1)] - Зеленый не найден! Перепроверяю........
[WARNING] [11:03:41] [Thread-7 (warp1)] - Не могу найти фиолетовый! Пролистываю.....
[WARNING] [11:03:47] [Thread-7 (warp1)] - Не могу найти фиолетовый! Пролистываю.....
[WARNING] [11:14:36] [Thread-7 (warp1)] - Не могу найти фиолетовый! Пролистываю.....
[INFO] [11:15:03] [Thread-2] - Таймер по заполнению карго прошел
[INFO] [11:15:07] [Thread-2] - Запускаем функцию варпа!
[INFO] [11:16:21] [Thread-2] - Запускаем функцию разгрузки карго!
[INFO] [11:17:03] [Thread-2] - Запускаем функцию андока!
[WARNING] [11:17:33] [Thread-1351 (warp1)] - Не могу найти фиолетовый! Пролистываю.....
[INFO] [11:18:26] [Thread-2] - Выставляем dock = 0
[INFO] [11:18:26] [Thread-2] - Запускаем поток карго по таймеру!
[WARNING] [11:23:37] [Thread-1453 (warp1)] - Не могу найти фиолетовый! Пролистываю.....
[WARNING] [11:23:41] [Thread-1453 (warp1)] - Не могу найти фиолетовый! Пролистываю.....
[WARNING] [11:23:44] [Thread-1453 (warp1)] - Не могу найти фиолетовый! Пролистываю.....
[WARNING] [11:23:48] [Thread-1453 (warp1)] - Не могу найти фиолетовый! Пролистываю.....
[WARNING] [11:23:52] [Thread-1453 (warp1)] - Не могу найти фиолетовый! Пролистываю.....
[WARNING] [11:23:55] [Thread-1453 (warp1)] - Не могу найти фиолетовый! Пролистываю.....
[WARNING] [11:23:59] [Thread-1453 (warp1)] - Не могу найти фиолетовый! Пролистываю.....
[WARNING] [11:24:01] [Thread-1453 (warp1)] - Не могу найти фиолетовый! Пролистываю.....
[WARNING] [11:24:05] [Thread-1453 (warp1)] - Не могу найти фиолетовый! Пролистываю.....
[WARNING] [11:24:08] [Thread-1453 (warp1)] - Не могу найти фиолетовый! Пролистываю.....
[WARNING] [11:24:11] [Thread-1453 (warp1)] - Не могу найти фиолетовый! Пролистываю.....
[WARNING] [11:24:14] [Thread-1453 (warp1)] - Не могу найти фиолетовый! Пролистываю.....
[WARNING] [11:24:16] [Thread-1453 (warp1)] - Не могу найти фиолетовый! Пролистываю.....
[WARNING] [11:24:20] [Thread-1453 (warp1)] - Не могу найти фиолетовый! Пролистываю.....
[WARNING] [11:24:23] [Thread-1453 (warp1)] - Не могу найти фиолетовый! Пролистываю.....
[WARNING] [11:24:27] [Thread-1453 (warp1)] - Не могу найти фиолетовый! Пролистываю.....
[WARNING] [11:24:29] [Thread-1453 (warp1)] - Не могу найти фиолетовый! Пролистываю.....
[WARNING] [11:24:33] [Thread-1453 (warp1)] - Не могу найти фиолетовый! Пролистываю.....
[WARNING] [11:24:36] [Thread-1453 (warp1)] - Не могу найти фиолетовый! Пролистываю.....
[WARNING] [11:24:38] [Thread-1453 (warp1)] - Не могу найти фиолетовый! Пролистываю.....
[WARNING] [11:24:42] [Thread-1453 (warp1)] - Не могу найти фиолетовый! Пролистываю.....
[WARNING] [11:24:44] [Thread-1453 (warp1)] - Не могу найти фиолетовый! Пролистываю.....
[WARNING] [11:24:48] [Thread-1453 (warp1)] - Не могу найти фиолетовый! Пролистываю.....
[WARNING] [11:24:51] [Thread-1453 (warp1)] - Не могу найти фиолетовый! Пролистываю.....
[WARNING] [11:24:53] [Thread-1453 (warp1)] - Не могу найти фиолетовый! Пролистываю.....
[WARNING] [11:24:57] [Thread-1453 (warp1)] - Не могу найти фиолетовый! Пролистываю.....
[WARNING] [11:27:40] [Thread-1453 (warp1)] - Не могу найти фиолетовый! Пролистываю.....
[WARNING] [11:27:43] [Thread-1453 (warp1)] - Не могу найти фиолетовый! Пролистываю.....
[INFO] [11:30:09] [Thread-1454] - Таймер по заполнению карго прошел
[INFO] [11:30:12] [Thread-1454] - Запускаем функцию варпа!
[INFO] [11:31:22] [Thread-1454] - Запускаем функцию разгрузки карго!
[WARNING] [11:31:55] [Thread-2637 (warp1)] - Не могу найти фиолетовый! Пролистываю.....
[INFO] [11:32:06] [Thread-1454] - Запускаем функцию андока!
[WARNING] [11:32:10] [Thread-2637 (warp1)] - Не могу найти фиолетовый! Пролистываю.....
[WARNING] [11:32:37] [Thread-2830 (warp1)] - Не могу найти фиолетовый! Пролистываю.....
[INFO] [11:33:33] [Thread-1454] - Выставляем dock = 0
[INFO] [11:33:34] [Thread-1454] - Запускаем поток карго по таймеру!
[WARNING] [11:37:21] [Thread-2981 (warp1)] - Не могу найти фиолетовый! Пролистываю.....
[WARNING] [11:37:25] [Thread-2981 (warp1)] - Не могу найти фиолетовый! Пролистываю.....
[WARNING] [11:37:27] [Thread-2981 (warp1)] - Не могу найти фиолетовый! Пролистываю.....
[WARNING] [11:37:31] [Thread-2981 (warp1)] - Не могу найти фиолетовый! Пролистываю.....
[WARNING] [11:43:46] [Thread-2981 (warp1)] - Не могу найти фиолетовый! Пролистываю.....
[WARNING] [11:43:49] [Thread-2981 (warp1)] - Не могу найти фиолетовый! Пролистываю.....
[WARNING] [11:43:52] [Thread-2981 (warp1)] - Не могу найти фиолетовый! Пролистываю.....
[WARNING] [11:43:55] [Thread-2981 (warp1)] - Не могу найти фиолетовый! Пролистываю.....
[WARNING] [11:43:58] [Thread-2981 (warp1)] - Не могу найти фиолетовый! Пролистываю.....
[WARNING] [11:44:00] [Thread-2981 (warp1)] - Не могу найти фиолетовый! Пролистываю.....
[WARNING] [11:44:03] [Thread-2981 (warp1)] - Не могу найти фиолетовый! Пролистываю.....
[WARNING] [11:44:06] [Thread-2981 (warp1)] - Не могу найти фиолетовый! Пролистываю.....
[WARNING] [11:44:09] [Thread-2981 (warp1)] - Не могу найти фиолетовый! Пролистываю.....
[WARNING] [11:44:12] [Thread-2981 (warp1)] - Не могу найти фиолетовый! Пролистываю.....
[WARNING] [11:44:14] [Thread-2981 (warp1)] - Не могу найти фиолетовый! Пролистываю.....
[WARNING] [11:44:18] [Thread-2981 (warp1)] - Не могу найти фиолетовый! Пролистываю.....
[WARNING] [11:44:20] [Thread-2981 (warp1)] - Не могу найти фиолетовый! Пролистываю.....
[WARNING] [11:44:24] [Thread-2981 (warp1)] - Не могу найти фиолетовый! Пролистываю.....
[WARNING] [11:44:30] [Thread-2981 (warp1)] - Зеленый не найден! Перепроверяю........
[INFO] [11:45:19] [Thread-2982] - Таймер по заполнению карго прошел
[INFO] [11:45:21] [Thread-2982] - Запускаем функцию варпа!
[WARNING] [11:45:59] [Thread-2983 (warp1)] - Не могу найти фиолетовый! Пролистываю.....
[INFO] [11:46:31] [Thread-2982] - Запускаем функцию разгрузки карго!
[INFO] [11:47:10] [Thread-2982] - Запускаем функцию андока!
[INFO] [11:48:34] [Thread-2982] - Выставляем dock = 0
[INFO] [11:48:34] [Thread-2982] - Запускаем поток карго по таймеру!
[INFO] [12:00:22] [Thread-4523] - Таймер по заполнению карго прошел
[INFO] [12:00:25] [Thread-4523] - Запускаем функцию варпа!
[WARNING] [12:01:04] [Thread-4522 (warp1)] - Не могу найти фиолетовый! Пролистываю.....
[INFO] [12:01:40] [Thread-4523] - Запускаем функцию разгрузки карго!
[WARNING] [12:02:19] [Thread-5575 (warp1)] - Не могу найти фиолетовый! Пролистываю.....
[INFO] [12:02:23] [Thread-4523] - Запускаем функцию андока!
[WARNING] [12:02:27] [Thread-5575 (warp1)] - Не могу найти фиолетовый! Пролистываю.....
[INFO] [12:03:46] [Thread-4523] - Выставляем dock = 0
[INFO] [12:03:47] [Thread-4523] - Запускаем поток карго по таймеру!
[WARNING] [12:07:42] [Thread-5921 (warp1)] - Зеленый не найден! Перепроверяю........
[INFO] [12:07:44] [Thread-5921 (warp1)] - Перепроверка неуспешна! Выключаю таймер и выставляю статус dock = 1
[INFO] [12:07:46] [Thread-5921 (warp1)] - Запускаем функцию варпа!
[INFO] [12:08:58] [Thread-5921 (warp1)] - Запускаем функцию разгрузки карго!
[INFO] [12:09:39] [Thread-5921 (warp1)] - Запускаем функцию андока!
[INFO] [12:11:06] [Thread-5921 (warp1)] - Выставляем dock = 0
[INFO] [12:11:06] [Thread-5921 (warp1)] - Запускаем поток заново!
[INFO] [12:11:06] [Thread-5921 (warp1)] - Запускаем поток карго по таймеру!
[WARNING] [12:12:52] [Thread-5923 (warp1)] - Не могу найти фиолетовый! Пролистываю.....
[WARNING] [12:12:56] [Thread-5923 (warp1)] - Зеленый не найден! Перепроверяю........
[WARNING] [12:14:03] [Thread-5925 (warp1)] - Не могу найти фиолетовый! Пролистываю.....
[WARNING] [12:16:34] [Thread-5925 (warp1)] - Не могу найти фиолетовый! Пролистываю.....
[WARNING] [12:16:58] [Thread-5925 (warp1)] - Не могу найти фиолетовый! Пролистываю.....
[WARNING] [12:19:44] [Thread-5925 (warp1)] - Не могу найти фиолетовый! Пролистываю.....
[INFO] [12:22:50] [Thread-5924] - Таймер по заполнению карго прошел
[INFO] [12:22:53] [Thread-5924] - Запускаем функцию варпа!
[WARNING] [12:23:29] [Thread-5925 (warp1)] - Не могу найти фиолетовый! Пролистываю.....
[INFO] [12:24:03] [Thread-5924] - Запускаем функцию разгрузки карго!
[WARNING] [12:24:08] [Thread-6438 (warp1)] - Не могу найти фиолетовый! Пролистываю.....
[INFO] [12:24:45] [Thread-5924] - Запускаем функцию андока!
[WARNING] [12:24:50] [Thread-7133 (warp1)] - Не могу найти фиолетовый! Пролистываю.....
[WARNING] [12:26:08] [Thread-7443 (warp1)] - Не могу найти фиолетовый! Пролистываю.....
[INFO] [12:26:10] [Thread-5924] - Выставляем dock = 0
[INFO] [12:26:10] [Thread-5924] - Запускаем поток карго по таймеру!
[WARNING] [12:26:41] [Thread-7443 (warp1)] - Не могу найти фиолетовый! Пролистываю.....
[WARNING] [12:27:37] [Thread-7443 (warp1)] - Не могу найти фиолетовый! Пролистываю.....
[WARNING] [12:27:55] [Thread-7443 (warp1)] - Не могу найти фиолетовый! Пролистываю.....
[INFO] [12:37:53] [Thread-7444] - Таймер по заполнению карго прошел
[INFO] [12:37:56] [Thread-7444] - Запускаем функцию варпа!
[INFO] [12:39:11] [Thread-7444] - Запускаем функцию разгрузки карго!
[INFO] [12:39:48] [Thread-7444] - Запускаем функцию андока!
[WARNING] [12:40:57] [Thread-9158 (warp1)] - Не могу найти фиолетовый! Пролистываю.....
[INFO] [12:41:14] [Thread-7444] - Выставляем dock = 0
[INFO] [12:41:14] [Thread-7444] - Запускаем поток карго по таймеру!
[WARNING] [12:43:32] [Thread-9158 (warp1)] - Не могу найти фиолетовый! Пролистываю.....
[WARNING] [12:44:40] [Thread-9158 (warp1)] - Не могу найти фиолетовый! Пролистываю.....
[WARNING] [12:48:18] [Thread-9158 (warp1)] - Не могу найти фиолетовый! Пролистываю.....
[WARNING] [12:52:20] [Thread-9158 (warp1)] - Не могу найти фиолетовый! Пролистываю.....
[INFO] [12:52:57] [Thread-9159] - Таймер по заполнению карго прошел
[INFO] [12:53:00] [Thread-9159] - Запускаем функцию варпа!
[WARNING] [12:53:02] [Thread-9158 (warp1)] - Не могу найти фиолетовый! Пролистываю.....
[INFO] [12:54:12] [Thread-9159] - Запускаем функцию разгрузки карго!
[INFO] [12:54:52] [Thread-9159] - Запускаем функцию андока!
