[INFO] [13:07:33] [MainThread] - СКРИПТ ЗАПУЩЕН!
[WARNING] [13:07:35] [Thread-1 (warp1)] - Не могу найти фиолетовый! Пролистываю.....
[WARNING] [13:17:15] [Thread-1 (warp1)] - Не могу найти фиолетовый! Пролистываю.....
[INFO] [13:19:17] [Thread-2] - Таймер по заполнению карго прошел
[INFO] [13:19:18] [Thread-2] - Запускаем функцию варпа!
[WARNING] [13:19:57] [Thread-1 (warp1)] - Не могу найти фиолетовый! Пролистываю.....
[INFO] [13:20:31] [Thread-2] - Запускаем функцию разгрузки карго!
[INFO] [13:21:13] [Thread-2] - Запускаем функцию андока!
[WARNING] [13:21:43] [Thread-1845 (warp1)] - Не могу найти фиолетовый! Пролистываю.....
[INFO] [13:22:38] [Thread-2] - Выставляем dock = 0
[INFO] [13:22:38] [Thread-2] - Запускаем поток карго по таймеру!
[WARNING] [13:28:02] [Thread-2015 (warp1)] - Не могу найти фиолетовый! Пролистываю.....
[INFO] [13:34:23] [Thread-2016] - Таймер по заполнению карго прошел
[INFO] [13:34:24] [Thread-2016] - Запускаем функцию варпа!
[INFO] [13:35:38] [Thread-2016] - Запускаем функцию разгрузки карго!
[WARNING] [13:35:42] [Thread-2475 (warp1)] - Не могу найти фиолетовый! Пролистываю.....
[INFO] [13:36:16] [Thread-2016] - Запускаем функцию андока!
[WARNING] [13:36:19] [Thread-3093 (warp1)] - Не могу найти фиолетовый! Пролистываю.....
[WARNING] [13:36:42] [Thread-3270 (warp1)] - Не могу найти фиолетовый! Пролистываю.....
[INFO] [13:37:40] [Thread-2016] - Выставляем dock = 0
[INFO] [13:37:40] [Thread-2016] - Запускаем поток карго по таймеру!
[INFO] [13:49:31] [Thread-3402] - Таймер по заполнению карго прошел
[INFO] [13:49:32] [Thread-3402] - Запускаем функцию варпа!
[WARNING] [13:50:10] [Thread-3401 (warp1)] - Не могу найти фиолетовый! Пролистываю.....
[INFO] [13:50:46] [Thread-3402] - Запускаем функцию разгрузки карго!
[WARNING] [13:50:51] [Thread-3910 (warp1)] - Не могу найти фиолетовый! Пролистываю.....
[INFO] [13:51:30] [Thread-3402] - Запускаем функцию андока!
[WARNING] [13:51:33] [Thread-4629 (warp1)] - Не могу найти фиолетовый! Пролистываю.....
[INFO] [13:52:54] [Thread-3402] - Выставляем dock = 0
[INFO] [13:52:55] [Thread-3402] - Запускаем поток карго по таймеру!
[WARNING] [13:54:14] [Thread-5172 (warp1)] - Зеленый не найден! Перепроверяю........
[INFO] [13:54:15] [Thread-5172 (warp1)] - Перепроверка неуспешна! Выключаю таймер и выставляю статус dock = 1
[INFO] [13:54:16] [Thread-5172 (warp1)] - Запускаем функцию варпа!
