[INFO] [02:30:07] [MainThread] - СКРИПТ ЗАПУЩЕН!
[WARNING] [02:35:18] [Thread-1 (warp1)] - Зеленый не найден! Перепроверяю........
[WARNING] [02:35:23] [Thread-7 (warp1)] - Не могу найти фиолетовый! Пролистываю.....
[WARNING] [02:35:43] [Thread-7 (warp1)] - Зеленый не найден! Перепроверяю........
[WARNING] [02:37:52] [Thread-8 (warp1)] - Зеленый не найден! Перепроверяю........
[INFO] [02:37:54] [Thread-8 (warp1)] - Перепроверка неуспешна! Выключаю таймер и выставляю статус dock = 1
[INFO] [02:37:57] [Thread-8 (warp1)] - Запускаем функцию варпа!
[INFO] [02:39:10] [Thread-8 (warp1)] - Запускаем функцию разгрузки карго!
[INFO] [02:39:57] [Thread-8 (warp1)] - Запускаем функцию андока!
[INFO] [02:42:19] [Thread-8 (warp1)] - Выставляем dock = 0
[INFO] [02:42:19] [Thread-8 (warp1)] - Запускаем поток заново!
[INFO] [02:42:19] [Thread-8 (warp1)] - Запускаем поток карго по таймеру!
[WARNING] [02:42:24] [Thread-9 (warp1)] - Не могу найти фиолетовый! Пролистываю.....
[WARNING] [02:42:28] [Thread-9 (warp1)] - Не могу найти фиолетовый! Пролистываю.....
[WARNING] [02:42:32] [Thread-9 (warp1)] - Зеленый не найден! Перепроверяю........
[WARNING] [02:42:37] [Thread-11 (warp1)] - Зеленый не найден! Перепроверяю........
[WARNING] [02:42:40] [Thread-12 (warp1)] - Не могу найти фиолетовый! Пролистываю.....
[WARNING] [02:42:48] [Thread-12 (warp1)] - Зеленый не найден! Перепроверяю........
[INFO] [02:42:50] [Thread-12 (warp1)] - Перепроверка неуспешна! Выключаю таймер и выставляю статус dock = 1
[INFO] [02:42:53] [Thread-12 (warp1)] - Запускаем функцию варпа!
[INFO] [02:44:01] [Thread-12 (warp1)] - Запускаем функцию разгрузки карго!
[INFO] [02:44:44] [Thread-12 (warp1)] - Запускаем функцию андока!
[INFO] [02:46:10] [Thread-12 (warp1)] - Выставляем dock = 0
[INFO] [02:46:10] [Thread-12 (warp1)] - Запускаем поток заново!
[INFO] [02:46:10] [Thread-12 (warp1)] - Запускаем поток карго по таймеру!
[WARNING] [02:46:10] [Thread-13 (warp1)] - Зеленый не найден! Перепроверяю........
[WARNING] [02:50:03] [Thread-15 (warp1)] - Зеленый не найден! Перепроверяю........
[WARNING] [02:54:58] [Thread-16 (warp1)] - Зеленый не найден! Перепроверяю........
[WARNING] [02:55:09] [Thread-17 (warp1)] - Не могу найти фиолетовый! Пролистываю.....
[WARNING] [02:57:30] [Thread-17 (warp1)] - Не могу найти фиолетовый! Пролистываю.....
[WARNING] [02:57:33] [Thread-17 (warp1)] - Не могу найти фиолетовый! Пролистываю.....
[WARNING] [02:57:36] [Thread-17 (warp1)] - Не могу найти фиолетовый! Пролистываю.....
[WARNING] [02:57:39] [Thread-17 (warp1)] - Не могу найти фиолетовый! Пролистываю.....
[WARNING] [02:57:41] [Thread-17 (warp1)] - Не могу найти фиолетовый! Пролистываю.....
[WARNING] [02:57:44] [Thread-17 (warp1)] - Не могу найти фиолетовый! Пролистываю.....
[WARNING] [02:57:48] [Thread-17 (warp1)] - Не могу найти фиолетовый! Пролистываю.....
[WARNING] [02:57:51] [Thread-17 (warp1)] - Зеленый не найден! Перепроверяю........
[INFO] [02:57:53] [Thread-17 (warp1)] - Перепроверка неуспешна! Выключаю таймер и выставляю статус dock = 1
[INFO] [02:57:55] [Thread-17 (warp1)] - Запускаем функцию варпа!
[INFO] [02:59:07] [Thread-17 (warp1)] - Запускаем функцию разгрузки карго!
[INFO] [02:59:49] [Thread-17 (warp1)] - Запускаем функцию андока!
[INFO] [03:01:12] [Thread-17 (warp1)] - Выставляем dock = 0
[INFO] [03:01:13] [Thread-17 (warp1)] - Запускаем поток заново!
[INFO] [03:01:13] [Thread-17 (warp1)] - Запускаем поток карго по таймеру!
[WARNING] [03:01:13] [Thread-18 (warp1)] - Не могу найти фиолетовый! Пролистываю.....
[WARNING] [03:01:17] [Thread-18 (warp1)] - Не могу найти фиолетовый! Пролистываю.....
[WARNING] [03:01:20] [Thread-18 (warp1)] - Не могу найти фиолетовый! Пролистываю.....
[WARNING] [03:01:23] [Thread-18 (warp1)] - Не могу найти фиолетовый! Пролистываю.....
[WARNING] [03:01:25] [Thread-18 (warp1)] - Не могу найти фиолетовый! Пролистываю.....
[WARNING] [03:01:28] [Thread-18 (warp1)] - Не могу найти фиолетовый! Пролистываю.....
[WARNING] [03:01:31] [Thread-18 (warp1)] - Не могу найти фиолетовый! Пролистываю.....
[WARNING] [03:01:34] [Thread-18 (warp1)] - Не могу найти фиолетовый! Пролистываю.....
[WARNING] [03:01:38] [Thread-18 (warp1)] - Не могу найти фиолетовый! Пролистываю.....
[WARNING] [03:01:40] [Thread-18 (warp1)] - Не могу найти фиолетовый! Пролистываю.....
[WARNING] [03:01:43] [Thread-18 (warp1)] - Не могу найти фиолетовый! Пролистываю.....
[WARNING] [03:01:46] [Thread-18 (warp1)] - Не могу найти фиолетовый! Пролистываю.....
[WARNING] [03:01:49] [Thread-18 (warp1)] - Не могу найти фиолетовый! Пролистываю.....
[WARNING] [03:01:53] [Thread-18 (warp1)] - Не могу найти фиолетовый! Пролистываю.....
[WARNING] [03:01:55] [Thread-18 (warp1)] - Не могу найти фиолетовый! Пролистываю.....
[WARNING] [03:01:58] [Thread-18 (warp1)] - Не могу найти фиолетовый! Пролистываю.....
[WARNING] [03:02:02] [Thread-18 (warp1)] - Не могу найти фиолетовый! Пролистываю.....
[WARNING] [03:02:04] [Thread-18 (warp1)] - Не могу найти фиолетовый! Пролистываю.....
[WARNING] [03:02:07] [Thread-18 (warp1)] - Не могу найти фиолетовый! Пролистываю.....
[WARNING] [03:02:10] [Thread-18 (warp1)] - Не могу найти фиолетовый! Пролистываю.....
[WARNING] [03:02:13] [Thread-18 (warp1)] - Не могу найти фиолетовый! Пролистываю.....
[WARNING] [03:02:16] [Thread-18 (warp1)] - Не могу найти фиолетовый! Пролистываю.....
[WARNING] [03:02:19] [Thread-18 (warp1)] - Не могу найти фиолетовый! Пролистываю.....
[WARNING] [03:02:22] [Thread-18 (warp1)] - Не могу найти фиолетовый! Пролистываю.....
[WARNING] [03:02:25] [Thread-18 (warp1)] - Не могу найти фиолетовый! Пролистываю.....
[WARNING] [03:02:29] [Thread-18 (warp1)] - Не могу найти фиолетовый! Пролистываю.....
[WARNING] [03:02:32] [Thread-18 (warp1)] - Не могу найти фиолетовый! Пролистываю.....
[WARNING] [03:02:35] [Thread-18 (warp1)] - Не могу найти фиолетовый! Пролистываю.....
[WARNING] [03:02:39] [Thread-18 (warp1)] - Не могу найти фиолетовый! Пролистываю.....
[WARNING] [03:02:41] [Thread-18 (warp1)] - Не могу найти фиолетовый! Пролистываю.....
[WARNING] [03:02:44] [Thread-18 (warp1)] - Не могу найти фиолетовый! Пролистываю.....
[WARNING] [03:02:47] [Thread-18 (warp1)] - Не могу найти фиолетовый! Пролистываю.....
[WARNING] [03:02:49] [Thread-18 (warp1)] - Не могу найти фиолетовый! Пролистываю.....
[WARNING] [03:02:52] [Thread-18 (warp1)] - Зеленый не найден! Перепроверяю........
[INFO] [03:02:53] [Thread-18 (warp1)] - Перепроверка неуспешна! Выключаю таймер и выставляю статус dock = 1
[INFO] [03:02:56] [Thread-18 (warp1)] - Запускаем функцию варпа!
[INFO] [03:04:06] [Thread-18 (warp1)] - Запускаем функцию разгрузки карго!
