[INFO] [18:37:39] [MainThread] - СКРИПТ ЗАПУЩЕН!
[WARNING] [18:37:42] [Thread-1 (warp1)] - Зеленый не найден! Перепроверяю........
[INFO] [18:49:21] [Thread-2] - Таймер по заполнению карго прошел
[INFO] [18:49:24] [Thread-2] - Запускаем функцию варпа!
[WARNING] [18:49:41] [Thread-7 (warp1)] - Не могу найти фиолетовый! Пролистываю.....
[WARNING] [18:50:02] [Thread-7 (warp1)] - Не могу найти фиолетовый! Пролистываю.....
[WARNING] [18:50:21] [Thread-479 (warp1)] - Не могу найти фиолетовый! Пролистываю.....
[INFO] [18:50:38] [Thread-2] - Запускаем функцию разгрузки карго!
[WARNING] [18:50:43] [Thread-479 (warp1)] - Не могу найти фиолетовый! Пролистываю.....
[INFO] [18:51:19] [Thread-2] - Запускаем функцию андока!
[WARNING] [18:51:22] [Thread-1271 (warp1)] - Не могу найти фиолетовый! Пролистываю.....
[WARNING] [18:51:47] [Thread-1451 (warp1)] - Не могу найти фиолетовый! Пролистываю.....
[INFO] [18:52:41] [Thread-2] - Выставляем dock = 0
[INFO] [18:52:41] [Thread-2] - Запускаем поток карго по таймеру!
[WARNING] [18:53:57] [Thread-1595 (warp1)] - Не могу найти фиолетовый! Пролистываю.....
[WARNING] [18:56:17] [Thread-1595 (warp1)] - Не могу найти фиолетовый! Пролистываю.....
[INFO] [19:04:36] [Thread-1596] - Таймер по заполнению карго прошел
[INFO] [19:04:38] [Thread-1596] - Запускаем функцию варпа!
[INFO] [19:05:53] [Thread-1596] - Запускаем функцию разгрузки карго!
[WARNING] [19:06:24] [Thread-2914 (warp1)] - Не могу найти фиолетовый! Пролистываю.....
[INFO] [19:06:34] [Thread-1596] - Запускаем функцию андока!
[WARNING] [19:07:06] [Thread-3183 (warp1)] - Не могу найти фиолетовый! Пролистываю.....
[WARNING] [19:07:24] [Thread-3304 (warp1)] - Не могу найти фиолетовый! Пролистываю.....
[INFO] [19:08:02] [Thread-1596] - Выставляем dock = 0
[INFO] [19:08:02] [Thread-1596] - Запускаем поток карго по таймеру!
[WARNING] [19:10:16] [Thread-3304 (warp1)] - Не могу найти фиолетовый! Пролистываю.....
[WARNING] [19:14:29] [Thread-3304 (warp1)] - Не могу найти фиолетовый! Пролистываю.....
[WARNING] [19:18:46] [Thread-3304 (warp1)] - Зеленый не найден! Перепроверяю........
[WARNING] [19:19:17] [Thread-3306 (warp1)] - Не могу найти фиолетовый! Пролистываю.....
[INFO] [19:20:01] [Thread-3305] - Таймер по заполнению карго прошел
[INFO] [19:20:03] [Thread-3305] - Запускаем функцию варпа!
[WARNING] [19:20:42] [Thread-3306 (warp1)] - Не могу найти фиолетовый! Пролистываю.....
[WARNING] [19:21:05] [Thread-3719 (warp1)] - Не могу найти фиолетовый! Пролистываю.....
[INFO] [19:21:19] [Thread-3305] - Запускаем функцию разгрузки карго!
[WARNING] [19:21:23] [Thread-3719 (warp1)] - Не могу найти фиолетовый! Пролистываю.....
[INFO] [19:21:58] [Thread-3305] - Запускаем функцию андока!
[WARNING] [19:22:02] [Thread-4406 (warp1)] - Не могу найти фиолетовый! Пролистываю.....
[WARNING] [19:22:29] [Thread-4609 (warp1)] - Не могу найти фиолетовый! Пролистываю.....
[INFO] [19:23:22] [Thread-3305] - Выставляем dock = 0
[INFO] [19:23:23] [Thread-3305] - Запускаем поток карго по таймеру!
[WARNING] [19:24:13] [Thread-4729 (warp1)] - Не могу найти фиолетовый! Пролистываю.....
[WARNING] [19:25:03] [Thread-4729 (warp1)] - Не могу найти фиолетовый! Пролистываю.....
[WARNING] [19:32:02] [Thread-4729 (warp1)] - Не могу найти фиолетовый! Пролистываю.....
[INFO] [19:35:13] [Thread-4730] - Таймер по заполнению карго прошел
[INFO] [19:35:16] [Thread-4730] - Запускаем функцию варпа!
[INFO] [19:36:31] [Thread-4730] - Запускаем функцию разгрузки карго!
[INFO] [19:37:12] [Thread-4730] - Запускаем функцию андока!
[WARNING] [19:37:43] [Thread-6273 (warp1)] - Не могу найти фиолетовый! Пролистываю.....
[INFO] [19:38:37] [Thread-4730] - Выставляем dock = 0
[INFO] [19:38:37] [Thread-4730] - Запускаем поток карго по таймеру!
[INFO] [19:50:30] [Thread-6356] - Таймер по заполнению карго прошел
[INFO] [19:50:32] [Thread-6356] - Запускаем функцию варпа!
[WARNING] [19:51:11] [Thread-6355 (warp1)] - Не могу найти фиолетовый! Пролистываю.....
[INFO] [19:51:47] [Thread-6356] - Запускаем функцию разгрузки карго!
[INFO] [19:52:29] [Thread-6356] - Запускаем функцию андока!
[INFO] [19:53:57] [Thread-6356] - Выставляем dock = 0
[INFO] [19:53:57] [Thread-6356] - Запускаем поток карго по таймеру!
[INFO] [20:05:52] [Thread-8048] - Таймер по заполнению карго прошел
[INFO] [20:05:55] [Thread-8048] - Запускаем функцию варпа!
[WARNING] [20:06:24] [Thread-8047 (warp1)] - Не могу найти фиолетовый! Пролистываю.....
[WARNING] [20:06:34] [Thread-8047 (warp1)] - Не могу найти фиолетовый! Пролистываю.....
[INFO] [20:07:08] [Thread-8048] - Запускаем функцию разгрузки карго!
[WARNING] [20:07:13] [Thread-8416 (warp1)] - Не могу найти фиолетовый! Пролистываю.....
[WARNING] [20:07:36] [Thread-8959 (warp1)] - Не могу найти фиолетовый! Пролистываю.....
[INFO] [20:07:45] [Thread-8048] - Запускаем функцию андока!
[WARNING] [20:07:49] [Thread-8959 (warp1)] - Не могу найти фиолетовый! Пролистываю.....
[INFO] [20:09:11] [Thread-8048] - Выставляем dock = 0
[INFO] [20:09:11] [Thread-8048] - Запускаем поток карго по таймеру!
[INFO] [20:20:54] [Thread-9313] - Таймер по заполнению карго прошел
[INFO] [20:20:56] [Thread-9313] - Запускаем функцию варпа!
[WARNING] [20:20:59] [Thread-9312 (warp1)] - Не могу найти фиолетовый! Пролистываю.....
[INFO] [20:22:07] [Thread-9313] - Запускаем функцию разгрузки карго!
[INFO] [20:22:49] [Thread-9313] - Запускаем функцию андока!
[WARNING] [20:23:20] [Thread-12732 (warp1)] - Не могу найти фиолетовый! Пролистываю.....
[INFO] [20:24:15] [Thread-9313] - Выставляем dock = 0
[INFO] [20:24:15] [Thread-9313] - Запускаем поток карго по таймеру!
[WARNING] [20:29:52] [Thread-12847 (warp1)] - Не могу найти фиолетовый! Пролистываю.....
[WARNING] [20:31:59] [Thread-12847 (warp1)] - Не могу найти фиолетовый! Пролистываю.....
[WARNING] [20:34:51] [Thread-12847 (warp1)] - Не могу найти фиолетовый! Пролистываю.....
[INFO] [20:36:12] [Thread-12848] - Таймер по заполнению карго прошел
[INFO] [20:36:15] [Thread-12848] - Запускаем функцию варпа!
[WARNING] [20:36:53] [Thread-12847 (warp1)] - Не могу найти фиолетовый! Пролистываю.....
[INFO] [20:37:27] [Thread-12848] - Запускаем функцию разгрузки карго!
[INFO] [20:38:03] [Thread-12848] - Запускаем функцию андока!
[WARNING] [20:38:07] [Thread-13945 (warp1)] - Не могу найти фиолетовый! Пролистываю.....
[WARNING] [20:38:32] [Thread-14056 (warp1)] - Не могу найти фиолетовый! Пролистываю.....
[INFO] [20:39:25] [Thread-12848] - Выставляем dock = 0
[INFO] [20:39:26] [Thread-12848] - Запускаем поток карго по таймеру!
[WARNING] [20:39:50] [Thread-14140 (warp1)] - Не могу найти фиолетовый! Пролистываю.....
[WARNING] [20:41:25] [Thread-14140 (warp1)] - Не могу найти фиолетовый! Пролистываю.....
[WARNING] [20:42:57] [Thread-14140 (warp1)] - Не могу найти фиолетовый! Пролистываю.....
[WARNING] [20:47:01] [Thread-14140 (warp1)] - Не могу найти фиолетовый! Пролистываю.....
[WARNING] [20:49:37] [Thread-14140 (warp1)] - Не могу найти фиолетовый! Пролистываю.....
[WARNING] [20:51:10] [Thread-14140 (warp1)] - Не могу найти фиолетовый! Пролистываю.....
[INFO] [20:51:24] [Thread-14141] - Таймер по заполнению карго прошел
[INFO] [20:51:26] [Thread-14141] - Запускаем функцию варпа!
[WARNING] [20:52:02] [Thread-14140 (warp1)] - Не могу найти фиолетовый! Пролистываю.....
[INFO] [20:52:37] [Thread-14141] - Запускаем функцию разгрузки карго!
[WARNING] [20:52:43] [Thread-14510 (warp1)] - Не могу найти фиолетовый! Пролистываю.....
[INFO] [20:53:19] [Thread-14141] - Запускаем функцию андока!
[INFO] [20:54:46] [Thread-14141] - Выставляем dock = 0
[INFO] [20:54:47] [Thread-14141] - Запускаем поток карго по таймеру!
[WARNING] [20:56:13] [Thread-15660 (warp1)] - Не могу найти фиолетовый! Пролистываю.....
[WARNING] [20:58:19] [Thread-15660 (warp1)] - Не могу найти фиолетовый! Пролистываю.....
[WARNING] [21:05:50] [Thread-15660 (warp1)] - Не могу найти фиолетовый! Пролистываю.....
[INFO] [21:06:43] [Thread-15661] - Таймер по заполнению карго прошел
[INFO] [21:06:45] [Thread-15661] - Запускаем функцию варпа!
[INFO] [21:07:56] [Thread-15661] - Запускаем функцию разгрузки карго!
[INFO] [21:08:38] [Thread-15661] - Запускаем функцию андока!
[WARNING] [21:08:42] [Thread-16968 (warp1)] - Не могу найти фиолетовый! Пролистываю.....
[INFO] [21:10:02] [Thread-15661] - Выставляем dock = 0
[INFO] [21:10:03] [Thread-15661] - Запускаем поток карго по таймеру!
[WARNING] [21:12:02] [Thread-17361 (warp1)] - Не могу найти фиолетовый! Пролистываю.....
[WARNING] [21:13:05] [Thread-17361 (warp1)] - Не могу найти фиолетовый! Пролистываю.....
[WARNING] [21:20:31] [Thread-17361 (warp1)] - Не могу найти фиолетовый! Пролистываю.....
[INFO] [21:21:50] [Thread-17362] - Таймер по заполнению карго прошел
[INFO] [21:21:55] [Thread-17362] - Запускаем функцию варпа!
[WARNING] [21:22:33] [Thread-17361 (warp1)] - Не могу найти фиолетовый! Пролистываю.....
[INFO] [21:23:09] [Thread-17362] - Запускаем функцию разгрузки карго!
[WARNING] [21:23:14] [Thread-17705 (warp1)] - Не могу найти фиолетовый! Пролистываю.....
[INFO] [21:23:51] [Thread-17362] - Запускаем функцию андока!
[WARNING] [21:23:55] [Thread-18379 (warp1)] - Не могу найти фиолетовый! Пролистываю.....
[WARNING] [21:24:22] [Thread-18495 (warp1)] - Не могу найти фиолетовый! Пролистываю.....
[INFO] [21:25:17] [Thread-17362] - Выставляем dock = 0
[INFO] [21:25:18] [Thread-17362] - Запускаем поток карго по таймеру!
[WARNING] [21:26:32] [Thread-18635 (warp1)] - Не могу найти фиолетовый! Пролистываю.....
[WARNING] [21:32:26] [Thread-18635 (warp1)] - Не могу найти фиолетовый! Пролистываю.....
[WARNING] [21:35:22] [Thread-18635 (warp1)] - Не могу найти фиолетовый! Пролистываю.....
[INFO] [21:37:07] [Thread-18636] - Таймер по заполнению карго прошел
[INFO] [21:37:09] [Thread-18636] - Запускаем функцию варпа!
[WARNING] [21:37:48] [Thread-18635 (warp1)] - Не могу найти фиолетовый! Пролистываю.....
[INFO] [21:38:22] [Thread-18636] - Запускаем функцию разгрузки карго!
[WARNING] [21:38:27] [Thread-18972 (warp1)] - Не могу найти фиолетовый! Пролистываю.....
[INFO] [21:39:05] [Thread-18636] - Запускаем функцию андока!
[WARNING] [21:39:32] [Thread-19998 (warp1)] - Не могу найти фиолетовый! Пролистываю.....
[INFO] [21:40:29] [Thread-18636] - Выставляем dock = 0
[INFO] [21:40:29] [Thread-18636] - Запускаем поток карго по таймеру!
[INFO] [21:52:15] [Thread-20174] - Таймер по заполнению карго прошел
[INFO] [21:52:18] [Thread-20174] - Запускаем функцию варпа!
[INFO] [21:53:33] [Thread-20174] - Запускаем функцию разгрузки карго!
[INFO] [21:54:19] [Thread-20174] - Запускаем функцию андока!
[INFO] [21:55:46] [Thread-20174] - Выставляем dock = 0
[INFO] [21:55:46] [Thread-20174] - Запускаем поток карго по таймеру!
[WARNING] [22:04:23] [Thread-22030 (warp1)] - Не могу найти фиолетовый! Пролистываю.....
[WARNING] [22:04:36] [Thread-22030 (warp1)] - Не могу найти фиолетовый! Пролистываю.....
[WARNING] [22:05:56] [Thread-22030 (warp1)] - Не могу найти фиолетовый! Пролистываю.....
[WARNING] [22:06:50] [Thread-22030 (warp1)] - Не могу найти фиолетовый! Пролистываю.....
[INFO] [22:07:36] [Thread-22031] - Таймер по заполнению карго прошел
[INFO] [22:07:39] [Thread-22031] - Запускаем функцию варпа!
[WARNING] [22:08:18] [Thread-22030 (warp1)] - Не могу найти фиолетовый! Пролистываю.....
[INFO] [22:08:54] [Thread-22031] - Запускаем функцию разгрузки карго!
[WARNING] [22:09:31] [Thread-23257 (warp1)] - Не могу найти фиолетовый! Пролистываю.....
[INFO] [22:09:37] [Thread-22031] - Запускаем функцию андока!
[WARNING] [22:10:05] [Thread-23486 (warp1)] - Не могу найти фиолетовый! Пролистываю.....
[INFO] [22:11:02] [Thread-22031] - Выставляем dock = 0
[INFO] [22:11:02] [Thread-22031] - Запускаем поток карго по таймеру!
[WARNING] [22:11:59] [Thread-23596 (warp1)] - Не могу найти фиолетовый! Пролистываю.....
[WARNING] [22:13:04] [Thread-23596 (warp1)] - Не могу найти фиолетовый! Пролистываю.....
[WARNING] [22:17:24] [Thread-23596 (warp1)] - Не могу найти фиолетовый! Пролистываю.....
[WARNING] [22:17:30] [Thread-23596 (warp1)] - Не могу найти фиолетовый! Пролистываю.....
[WARNING] [22:18:04] [Thread-23596 (warp1)] - Не могу найти фиолетовый! Пролистываю.....
[WARNING] [22:18:58] [Thread-23596 (warp1)] - Не могу найти фиолетовый! Пролистываю.....
[WARNING] [22:21:54] [Thread-23596 (warp1)] - Не могу найти фиолетовый! Пролистываю.....
[INFO] [22:22:53] [Thread-23597] - Таймер по заполнению карго прошел
[INFO] [22:22:56] [Thread-23597] - Запускаем функцию варпа!
[INFO] [22:24:10] [Thread-23597] - Запускаем функцию разгрузки карго!
[INFO] [22:24:51] [Thread-23597] - Запускаем функцию андока!
[WARNING] [22:25:23] [Thread-25107 (warp1)] - Не могу найти фиолетовый! Пролистываю.....
[INFO] [22:26:17] [Thread-23597] - Выставляем dock = 0
[INFO] [22:26:17] [Thread-23597] - Запускаем поток карго по таймеру!
[WARNING] [22:27:52] [Thread-25217 (warp1)] - Не могу найти фиолетовый! Пролистываю.....
[WARNING] [22:32:54] [Thread-25217 (warp1)] - Не могу найти фиолетовый! Пролистываю.....
[INFO] [22:38:11] [Thread-25218] - Таймер по заполнению карго прошел
[INFO] [22:38:13] [Thread-25218] - Запускаем функцию варпа!
[WARNING] [22:39:11] [Thread-25721 (warp1)] - Не могу найти фиолетовый! Пролистываю.....
[INFO] [22:39:26] [Thread-25218] - Запускаем функцию разгрузки карго!
[WARNING] [22:39:29] [Thread-25721 (warp1)] - Не могу найти фиолетовый! Пролистываю.....
[INFO] [22:40:09] [Thread-25218] - Запускаем функцию андока!
[WARNING] [22:40:39] [Thread-26750 (warp1)] - Не могу найти фиолетовый! Пролистываю.....
[WARNING] [22:41:22] [Thread-26956 (warp1)] - Не могу найти фиолетовый! Пролистываю.....
[INFO] [22:41:34] [Thread-25218] - Выставляем dock = 0
[INFO] [22:41:34] [Thread-25218] - Запускаем поток карго по таймеру!
[WARNING] [22:43:07] [Thread-26956 (warp1)] - Не могу найти фиолетовый! Пролистываю.....
[WARNING] [22:43:12] [Thread-26956 (warp1)] - Не могу найти фиолетовый! Пролистываю.....
[WARNING] [22:43:18] [Thread-26956 (warp1)] - Зеленый не найден! Перепроверяю........
[WARNING] [22:43:20] [Thread-26958 (warp1)] - Зеленый не найден! Перепроверяю........
[WARNING] [22:43:25] [Thread-26959 (warp1)] - Зеленый не найден! Перепроверяю........
[WARNING] [22:43:31] [Thread-26960 (warp1)] - Не могу найти фиолетовый! Пролистываю.....
[WARNING] [22:43:34] [Thread-26960 (warp1)] - Не могу найти фиолетовый! Пролистываю.....
[WARNING] [22:43:38] [Thread-26960 (warp1)] - Не могу найти фиолетовый! Пролистываю.....
