[INFO] [16:20:33] [MainThread] - СКРИПТ ЗАПУЩЕН!
[WARNING] [16:20:36] [Thread-1 (warp1)] - Зеленый не найден! Перепроверяю........
[INFO] [16:32:27] [Thread-2] - Таймер по заполнению карго прошел
[INFO] [16:32:27] [Thread-2] - Запускаем функцию варпа!
[WARNING] [16:33:06] [Thread-7 (warp1)] - Не могу найти фиолетовый! Пролистываю.....
[INFO] [16:33:39] [Thread-2] - Запускаем функцию разгрузки карго!
[WARNING] [16:33:43] [Thread-562 (warp1)] - Не могу найти фиолетовый! Пролистываю.....
[INFO] [16:34:21] [Thread-2] - Запускаем функцию андока!
[WARNING] [16:34:25] [Thread-1355 (warp1)] - Не могу найти фиолетовый! Пролистываю.....
[WARNING] [16:34:52] [Thread-1712 (warp1)] - Не могу найти фиолетовый! Пролистываю.....
[INFO] [16:35:48] [Thread-2] - Выставляем dock = 0
[INFO] [16:35:48] [Thread-2] - Запускаем поток карго по таймеру!
[INFO] [16:47:45] [Thread-1852] - Таймер по заполнению карго прошел
[INFO] [16:47:46] [Thread-1852] - Запускаем функцию варпа!
[WARNING] [16:48:23] [Thread-1851 (warp1)] - Не могу найти фиолетовый! Пролистываю.....
[INFO] [16:48:56] [Thread-1852] - Запускаем функцию разгрузки карго!
[WARNING] [16:49:01] [Thread-2253 (warp1)] - Не могу найти фиолетовый! Пролистываю.....
[INFO] [16:49:36] [Thread-1852] - Запускаем функцию андока!
[WARNING] [16:50:06] [Thread-3277 (warp1)] - Не могу найти фиолетовый! Пролистываю.....
[INFO] [16:51:04] [Thread-1852] - Выставляем dock = 0
[INFO] [16:51:04] [Thread-1852] - Запускаем поток карго по таймеру!
[INFO] [17:02:55] [Thread-3474] - Таймер по заполнению карго прошел
[INFO] [17:02:56] [Thread-3474] - Запускаем функцию варпа!
[INFO] [17:04:07] [Thread-3474] - Запускаем функцию разгрузки карго!
[WARNING] [17:04:12] [Thread-3943 (warp1)] - Не могу найти фиолетовый! Пролистываю.....
[INFO] [17:04:49] [Thread-3474] - Запускаем функцию андока!
[WARNING] [17:04:52] [Thread-4653 (warp1)] - Не могу найти фиолетовый! Пролистываю.....
[WARNING] [17:05:17] [Thread-4841 (warp1)] - Не могу найти фиолетовый! Пролистываю.....
[INFO] [17:06:12] [Thread-3474] - Выставляем dock = 0
[INFO] [17:06:13] [Thread-3474] - Запускаем поток карго по таймеру!
[WARNING] [17:12:33] [Thread-4946 (warp1)] - Не могу найти фиолетовый! Пролистываю.....
[WARNING] [17:17:52] [Thread-4946 (warp1)] - Не могу найти фиолетовый! Пролистываю.....
[INFO] [17:18:02] [Thread-4947] - Таймер по заполнению карго прошел
[INFO] [17:18:02] [Thread-4947] - Запускаем функцию варпа!
[WARNING] [17:18:42] [Thread-4946 (warp1)] - Не могу найти фиолетовый! Пролистываю.....
[INFO] [17:19:17] [Thread-4947] - Запускаем функцию разгрузки карго!
[WARNING] [17:19:23] [Thread-5340 (warp1)] - Не могу найти фиолетовый! Пролистываю.....
[INFO] [17:20:00] [Thread-4947] - Запускаем функцию андока!
[WARNING] [17:20:05] [Thread-6044 (warp1)] - Не могу найти фиолетовый! Пролистываю.....
[INFO] [17:21:24] [Thread-4947] - Выставляем dock = 0
[INFO] [17:21:25] [Thread-4947] - Запускаем поток карго по таймеру!
[WARNING] [17:25:22] [Thread-6466 (warp1)] - Не могу найти фиолетовый! Пролистываю.....
[INFO] [17:33:09] [Thread-6467] - Таймер по заполнению карго прошел
[INFO] [17:33:10] [Thread-6467] - Запускаем функцию варпа!
[WARNING] [17:33:50] [Thread-6466 (warp1)] - Не могу найти фиолетовый! Пролистываю.....
[INFO] [17:34:24] [Thread-6467] - Запускаем функцию разгрузки карго!
[INFO] [17:35:06] [Thread-6467] - Запускаем функцию андока!
[WARNING] [17:35:35] [Thread-7762 (warp1)] - Не могу найти фиолетовый! Пролистываю.....
[INFO] [17:36:31] [Thread-6467] - Выставляем dock = 0
[INFO] [17:36:31] [Thread-6467] - Запускаем поток карго по таймеру!
[INFO] [17:48:31] [Thread-7905] - Таймер по заполнению карго прошел
[INFO] [17:48:32] [Thread-7905] - Запускаем функцию варпа!
[WARNING] [17:49:09] [Thread-7904 (warp1)] - Не могу найти фиолетовый! Пролистываю.....
[INFO] [17:49:44] [Thread-7905] - Запускаем функцию разгрузки карго!
[INFO] [17:50:27] [Thread-7905] - Запускаем функцию андока!
[INFO] [17:51:50] [Thread-7905] - Выставляем dock = 0
[INFO] [17:51:51] [Thread-7905] - Запускаем поток карго по таймеру!
[INFO] [18:03:46] [Thread-9700] - Таймер по заполнению карго прошел
[INFO] [18:03:46] [Thread-9700] - Запускаем функцию варпа!
[INFO] [18:04:58] [Thread-9700] - Запускаем функцию разгрузки карго!
[WARNING] [18:05:04] [Thread-10148 (warp1)] - Не могу найти фиолетовый! Пролистываю.....
[INFO] [18:05:39] [Thread-9700] - Запускаем функцию андока!
[INFO] [18:06:59] [Thread-9700] - Выставляем dock = 0
[INFO] [18:06:59] [Thread-9700] - Запускаем поток карго по таймеру!
[INFO] [18:18:54] [Thread-11266] - Таймер по заполнению карго прошел
[INFO] [18:18:55] [Thread-11266] - Запускаем функцию варпа!
[WARNING] [18:19:34] [Thread-11265 (warp1)] - Не могу найти фиолетовый! Пролистываю.....
[INFO] [18:20:07] [Thread-11266] - Запускаем функцию разгрузки карго!
[INFO] [18:20:48] [Thread-11266] - Запускаем функцию андока!
[WARNING] [18:21:19] [Thread-12997 (warp1)] - Не могу найти фиолетовый! Пролистываю.....
[INFO] [18:22:18] [Thread-11266] - Выставляем dock = 0
[INFO] [18:22:19] [Thread-11266] - Запускаем поток карго по таймеру!
[INFO] [18:34:13] [Thread-13150] - Таймер по заполнению карго прошел
[INFO] [18:34:14] [Thread-13150] - Запускаем функцию варпа!
[WARNING] [18:34:55] [Thread-13149 (warp1)] - Не могу найти фиолетовый! Пролистываю.....
[INFO] [18:35:25] [Thread-13150] - Запускаем функцию разгрузки карго!
[INFO] [18:36:08] [Thread-13150] - Запускаем функцию андока!
[WARNING] [18:36:11] [Thread-14235 (warp1)] - Не могу найти фиолетовый! Пролистываю.....
[WARNING] [18:36:36] [Thread-14438 (warp1)] - Не могу найти фиолетовый! Пролистываю.....
[INFO] [18:37:35] [Thread-13150] - Выставляем dock = 0
[INFO] [18:37:35] [Thread-13150] - Запускаем поток карго по таймеру!
[INFO] [18:49:21] [Thread-14573] - Таймер по заполнению карго прошел
[INFO] [18:49:22] [Thread-14573] - Запускаем функцию варпа!
[INFO] [18:50:30] [Thread-14573] - Запускаем функцию разгрузки карго!
[INFO] [18:51:12] [Thread-14573] - Запускаем функцию андока!
[INFO] [18:52:36] [Thread-14573] - Выставляем dock = 0
[INFO] [18:52:36] [Thread-14573] - Запускаем поток карго по таймеру!
[INFO] [19:04:22] [Thread-16372] - Таймер по заполнению карго прошел
[INFO] [19:04:23] [Thread-16372] - Запускаем функцию варпа!
[WARNING] [19:04:59] [Thread-16371 (warp1)] - Не могу найти фиолетовый! Пролистываю.....
[INFO] [19:05:33] [Thread-16372] - Запускаем функцию разгрузки карго!
[WARNING] [19:05:38] [Thread-16850 (warp1)] - Не могу найти фиолетовый! Пролистываю.....
[INFO] [19:06:13] [Thread-16372] - Запускаем функцию андока!
[WARNING] [19:06:17] [Thread-17499 (warp1)] - Не могу найти фиолетовый! Пролистываю.....
[INFO] [19:07:40] [Thread-16372] - Выставляем dock = 0
[INFO] [19:07:40] [Thread-16372] - Запускаем поток карго по таймеру!
[INFO] [19:19:36] [Thread-17925] - Таймер по заполнению карго прошел
[INFO] [19:19:37] [Thread-17925] - Запускаем функцию варпа!
[WARNING] [19:20:16] [Thread-17924 (warp1)] - Не могу найти фиолетовый! Пролистываю.....
[INFO] [19:20:52] [Thread-17925] - Запускаем функцию разгрузки карго!
[WARNING] [19:20:58] [Thread-18390 (warp1)] - Не могу найти фиолетовый! Пролистываю.....
[INFO] [19:21:38] [Thread-17925] - Запускаем функцию андока!
[INFO] [19:23:02] [Thread-17925] - Выставляем dock = 0
[INFO] [19:23:02] [Thread-17925] - Запускаем поток карго по таймеру!
[WARNING] [19:27:08] [Thread-19576 (warp1)] - Не могу найти фиолетовый! Пролистываю.....
[INFO] [19:34:46] [Thread-19577] - Таймер по заполнению карго прошел
[INFO] [19:34:46] [Thread-19577] - Запускаем функцию варпа!
[INFO] [19:35:57] [Thread-19577] - Запускаем функцию разгрузки карго!
[WARNING] [19:36:02] [Thread-20064 (warp1)] - Не могу найти фиолетовый! Пролистываю.....
[INFO] [19:36:37] [Thread-19577] - Запускаем функцию андока!
[INFO] [19:38:04] [Thread-19577] - Выставляем dock = 0
[INFO] [19:38:04] [Thread-19577] - Запускаем поток карго по таймеру!
[WARNING] [19:39:51] [Thread-21167 (warp1)] - Зеленый не найден! Перепроверяю........
[WARNING] [19:40:30] [Thread-21169 (warp1)] - Не могу найти фиолетовый! Пролистываю.....
[WARNING] [19:46:21] [Thread-21169 (warp1)] - Не могу найти фиолетовый! Пролистываю.....
[INFO] [19:50:04] [Thread-21168] - Таймер по заполнению карго прошел
[INFO] [19:50:05] [Thread-21168] - Запускаем функцию варпа!
[INFO] [19:51:15] [Thread-21168] - Запускаем функцию разгрузки карго!
[WARNING] [19:51:20] [Thread-21820 (warp1)] - Не могу найти фиолетовый! Пролистываю.....
[INFO] [19:51:57] [Thread-21168] - Запускаем функцию андока!
[WARNING] [19:52:00] [Thread-22477 (warp1)] - Не могу найти фиолетовый! Пролистываю.....
[INFO] [19:53:19] [Thread-21168] - Выставляем dock = 0
[INFO] [19:53:20] [Thread-21168] - Запускаем поток карго по таймеру!
