[INFO] [10:14:17] [MainThread] - СКРИПТ ЗАПУЩЕН!
[WARNING] [10:16:32] [Thread-1 (warp1)] - Не могу найти фиолетовый! Пролистываю.....
[INFO] [10:26:16] [Thread-2] - Таймер по заполнению карго прошел
[INFO] [10:26:19] [Thread-2] - Запускаем функцию варпа!
[INFO] [10:27:32] [Thread-2] - Запускаем функцию разгрузки карго!
[WARNING] [10:27:38] [Thread-700 (warp1)] - Не могу найти фиолетовый! Пролистываю.....
[INFO] [10:28:11] [Thread-2] - Запускаем функцию андока!
[WARNING] [10:28:14] [Thread-1346 (warp1)] - Не могу найти фиолетовый! Пролистываю.....
[WARNING] [10:28:40] [Thread-1457 (warp1)] - Не могу найти фиолетовый! Пролистываю.....
[INFO] [10:29:32] [Thread-2] - Выставляем dock = 0
[INFO] [10:29:32] [Thread-2] - Запускаем поток карго по таймеру!
[INFO] [10:41:13] [Thread-1541] - Таймер по заполнению карго прошел
[INFO] [10:41:15] [Thread-1541] - Запускаем функцию варпа!
[INFO] [10:42:25] [Thread-1541] - Запускаем функцию разгрузки карго!
[WARNING] [10:42:28] [Thread-2242 (warp1)] - Не могу найти фиолетовый! Пролистываю.....
[INFO] [10:43:08] [Thread-1541] - Запускаем функцию андока!
[WARNING] [10:43:11] [Thread-2964 (warp1)] - Не могу найти фиолетовый! Пролистываю.....
[WARNING] [10:43:36] [Thread-3120 (warp1)] - Не могу найти фиолетовый! Пролистываю.....
[INFO] [10:44:29] [Thread-1541] - Выставляем dock = 0
[INFO] [10:44:29] [Thread-1541] - Запускаем поток карго по таймеру!
[WARNING] [10:50:45] [Thread-3247 (warp1)] - Не могу найти фиолетовый! Пролистываю.....
[INFO] [10:56:09] [Thread-3248] - Таймер по заполнению карго прошел
[INFO] [10:56:12] [Thread-3248] - Запускаем функцию варпа!
[INFO] [10:57:24] [Thread-3248] - Запускаем функцию разгрузки карго!
[WARNING] [10:57:30] [Thread-3791 (warp1)] - Не могу найти фиолетовый! Пролистываю.....
