[INFO] [20:05:39] [MainThread] - СКРИПТ ЗАПУЩЕН!
[WARNING] [20:05:42] [Thread-1 (warp1)] - Зеленый не найден! Перепроверяю........
[WARNING] [20:05:46] [Thread-7 (warp1)] - Не могу найти фиолетовый! Пролистываю.....
[WARNING] [20:05:58] [Thread-7 (warp1)] - Не могу найти фиолетовый! Пролистываю.....
[WARNING] [20:06:03] [Thread-7 (warp1)] - Зеленый не найден! Перепроверяю........
[INFO] [20:06:04] [Thread-7 (warp1)] - Перепроверка неуспешна! Выключаю таймер и выставляю статус dock = 1
[INFO] [20:06:05] [Thread-7 (warp1)] - Запускаем функцию варпа!
[INFO] [20:07:20] [Thread-7 (warp1)] - Запускаем функцию разгрузки карго!
[INFO] [20:08:03] [Thread-7 (warp1)] - Запускаем функцию андока!
[INFO] [20:09:26] [Thread-7 (warp1)] - Выставляем dock = 0
[INFO] [20:09:26] [Thread-7 (warp1)] - Запускаем поток заново!
[INFO] [20:09:26] [Thread-7 (warp1)] - Запускаем поток карго по таймеру!
[WARNING] [20:11:07] [Thread-8 (warp1)] - Не могу найти фиолетовый! Пролистываю.....
[INFO] [20:21:13] [Thread-9] - Таймер по заполнению карго прошел
[INFO] [20:21:14] [Thread-9] - Запускаем функцию варпа!
[WARNING] [20:21:51] [Thread-8 (warp1)] - Не могу найти фиолетовый! Пролистываю.....
[INFO] [20:22:22] [Thread-9] - Запускаем функцию разгрузки карго!
[WARNING] [20:22:27] [Thread-820 (warp1)] - Не могу найти фиолетовый! Пролистываю.....
[INFO] [20:22:58] [Thread-9] - Запускаем функцию андока!
[WARNING] [20:23:26] [Thread-1632 (warp1)] - Не могу найти фиолетовый! Пролистываю.....
[INFO] [20:24:23] [Thread-9] - Выставляем dock = 0
[INFO] [20:24:23] [Thread-9] - Запускаем поток карго по таймеру!
[INFO] [20:36:03] [Thread-1768] - Таймер по заполнению карго прошел
[INFO] [20:36:04] [Thread-1768] - Запускаем функцию варпа!
[WARNING] [20:36:43] [Thread-1767 (warp1)] - Не могу найти фиолетовый! Пролистываю.....
[INFO] [20:37:16] [Thread-1768] - Запускаем функцию разгрузки карго!
[INFO] [20:37:57] [Thread-1768] - Запускаем функцию андока!
[WARNING] [20:38:00] [Thread-2861 (warp1)] - Не могу найти фиолетовый! Пролистываю.....
[INFO] [20:39:19] [Thread-1768] - Выставляем dock = 0
[INFO] [20:39:19] [Thread-1768] - Запускаем поток карго по таймеру!
[WARNING] [20:40:14] [Thread-3312 (warp1)] - Не могу найти фиолетовый! Пролистываю.....
[WARNING] [20:46:54] [Thread-3312 (warp1)] - Не могу найти фиолетовый! Пролистываю.....
[INFO] [20:51:11] [Thread-3313] - Таймер по заполнению карго прошел
[INFO] [20:51:12] [Thread-3313] - Запускаем функцию варпа!
[WARNING] [20:51:36] [Thread-3312 (warp1)] - Не могу найти фиолетовый! Пролистываю.....
[INFO] [20:52:21] [Thread-3313] - Запускаем функцию разгрузки карго!
[INFO] [20:53:08] [Thread-3313] - Запускаем функцию андока!
[WARNING] [20:53:38] [Thread-4879 (warp1)] - Не могу найти фиолетовый! Пролистываю.....
[INFO] [20:54:32] [Thread-3313] - Выставляем dock = 0
[INFO] [20:54:32] [Thread-3313] - Запускаем поток карго по таймеру!
[WARNING] [20:57:00] [Thread-4992 (warp1)] - Не могу найти фиолетовый! Пролистываю.....
[WARNING] [21:02:28] [Thread-4992 (warp1)] - Не могу найти фиолетовый! Пролистываю.....
[INFO] [21:06:32] [Thread-4993] - Таймер по заполнению карго прошел
[INFO] [21:06:32] [Thread-4993] - Запускаем функцию варпа!
[WARNING] [21:07:10] [Thread-4992 (warp1)] - Не могу найти фиолетовый! Пролистываю.....
[INFO] [21:07:45] [Thread-4993] - Запускаем функцию разгрузки карго!
[WARNING] [21:07:51] [Thread-5335 (warp1)] - Не могу найти фиолетовый! Пролистываю.....
[INFO] [21:08:25] [Thread-4993] - Запускаем функцию андока!
[INFO] [21:09:47] [Thread-4993] - Выставляем dock = 0
[INFO] [21:09:47] [Thread-4993] - Запускаем поток карго по таймеру!
[WARNING] [21:15:32] [Thread-6361 (warp1)] - Не могу найти фиолетовый! Пролистываю.....
[INFO] [21:21:39] [Thread-6362] - Таймер по заполнению карго прошел
[INFO] [21:21:40] [Thread-6362] - Запускаем функцию варпа!
[WARNING] [21:22:17] [Thread-6361 (warp1)] - Не могу найти фиолетовый! Пролистываю.....
[INFO] [21:22:49] [Thread-6362] - Запускаем функцию разгрузки карго!
[INFO] [21:23:33] [Thread-6362] - Запускаем функцию андока!
[WARNING] [21:23:36] [Thread-7484 (warp1)] - Не могу найти фиолетовый! Пролистываю.....
[WARNING] [21:23:59] [Thread-7661 (warp1)] - Не могу найти фиолетовый! Пролистываю.....
[INFO] [21:24:55] [Thread-6362] - Выставляем dock = 0
[INFO] [21:24:56] [Thread-6362] - Запускаем поток карго по таймеру!
