[INFO] [14:52:47] [MainThread] - СКРИПТ ЗАПУЩЕН!
[WARNING] [14:52:49] [Thread-1 (warp1)] - Зеленый не найден! Перепроверяю........
[INFO] [14:52:50] [Thread-1 (warp1)] - Перепроверка неуспешна! Выключаю таймер и выставляю статус dock = 1
[INFO] [14:52:51] [Thread-1 (warp1)] - Запускаем функцию варпа!
[INFO] [14:54:02] [Thread-1 (warp1)] - Запускаем функцию разгрузки карго!
[INFO] [14:54:44] [Thread-1 (warp1)] - Запускаем функцию андока!
[INFO] [14:56:06] [Thread-1 (warp1)] - Выставляем dock = 0
[INFO] [14:56:06] [Thread-1 (warp1)] - Запускаем поток заново!
[INFO] [14:56:06] [Thread-1 (warp1)] - Запускаем поток карго по таймеру!
[INFO] [15:07:59] [Thread-8] - Таймер по заполнению карго прошел
[INFO] [15:08:00] [Thread-8] - Запускаем функцию варпа!
[WARNING] [15:08:39] [Thread-7 (warp1)] - Не могу найти фиолетовый! Пролистываю.....
[INFO] [15:09:17] [Thread-8] - Запускаем функцию разгрузки карго!
[WARNING] [15:09:21] [Thread-595 (warp1)] - Не могу найти фиолетовый! Пролистываю.....
[INFO] [15:09:57] [Thread-8] - Запускаем функцию андока!
[WARNING] [15:10:00] [Thread-1257 (warp1)] - Не могу найти фиолетовый! Пролистываю.....
[WARNING] [15:10:23] [Thread-1579 (warp1)] - Не могу найти фиолетовый! Пролистываю.....
[INFO] [15:11:18] [Thread-8] - Выставляем dock = 0
[INFO] [15:11:19] [Thread-8] - Запускаем поток карго по таймеру!
[INFO] [15:23:00] [Thread-1717] - Таймер по заполнению карго прошел
[INFO] [15:23:00] [Thread-1717] - Запускаем функцию варпа!
[WARNING] [15:23:41] [Thread-1716 (warp1)] - Не могу найти фиолетовый! Пролистываю.....
[INFO] [15:24:13] [Thread-1717] - Запускаем функцию разгрузки карго!
[INFO] [15:24:55] [Thread-1717] - Запускаем функцию андока!
[INFO] [15:26:20] [Thread-1717] - Выставляем dock = 0
[INFO] [15:26:20] [Thread-1717] - Запускаем поток карго по таймеру!
[WARNING] [15:35:17] [Thread-3463 (warp1)] - Не могу найти фиолетовый! Пролистываю.....
[WARNING] [15:36:07] [Thread-3463 (warp1)] - Не могу найти фиолетовый! Пролистываю.....
[INFO] [15:38:10] [Thread-3464] - Таймер по заполнению карго прошел
[INFO] [15:38:11] [Thread-3464] - Запускаем функцию варпа!
[INFO] [15:39:20] [Thread-3464] - Запускаем функцию разгрузки карго!
[INFO] [15:40:01] [Thread-3464] - Запускаем функцию андока!
[WARNING] [15:40:05] [Thread-4701 (warp1)] - Не могу найти фиолетовый! Пролистываю.....
[INFO] [15:41:28] [Thread-3464] - Выставляем dock = 0
[INFO] [15:41:28] [Thread-3464] - Запускаем поток карго по таймеру!
[INFO] [15:53:25] [Thread-5179] - Таймер по заполнению карго прошел
[INFO] [15:53:25] [Thread-5179] - Запускаем функцию варпа!
[WARNING] [15:54:05] [Thread-5178 (warp1)] - Не могу найти фиолетовый! Пролистываю.....
[INFO] [15:54:39] [Thread-5179] - Запускаем функцию разгрузки карго!
[INFO] [15:55:19] [Thread-5179] - Запускаем функцию андока!
